        -:    0:Source:C:/msys64/mingw64/include/c++/10.2.0/bits/basic_string.h
        -:    0:Graph:C:\Users\Owner\3D Objects\jet\cmake-build-debug-coverage\CMakeFiles\jet.dir\lib\Support\Allocator.cpp.gcno
        -:    0:Data:C:\Users\Owner\3D Objects\jet\cmake-build-debug-coverage\CMakeFiles\jet.dir\lib\Support\Allocator.cpp.gcda
        -:    0:Runs:1
        -:    1:// Components for manipulating sequences of characters -*- C++ -*-
        -:    2:
        -:    3:// Copyright (C) 1997-2020 Free Software Foundation, Inc.
        -:    4://
        -:    5:// This file is part of the GNU ISO C++ Library.  This library is free
        -:    6:// software; you can redistribute it and/or modify it under the
        -:    7:// terms of the GNU General Public License as published by the
        -:    8:// Free Software Foundation; either version 3, or (at your option)
        -:    9:// any later version.
        -:   10:
        -:   11:// This library is distributed in the hope that it will be useful,
        -:   12:// but WITHOUT ANY WARRANTY; without even the implied warranty of
        -:   13:// MERCHANTABILITY or FITNESS FOR A PARTICULAR PURPOSE.  See the
        -:   14:// GNU General Public License for more details.
        -:   15:
        -:   16:// Under Section 7 of GPL version 3, you are granted additional
        -:   17:// permissions described in the GCC Runtime Library Exception, version
        -:   18:// 3.1, as published by the Free Software Foundation.
        -:   19:
        -:   20:// You should have received a copy of the GNU General Public License and
        -:   21:// a copy of the GCC Runtime Library Exception along with this program;
        -:   22:// see the files COPYING3 and COPYING.RUNTIME respectively.  If not, see
        -:   23:// <http://www.gnu.org/licenses/>.
        -:   24:
        -:   25:/** @file bits/basic_string.h
        -:   26: *  This is an internal header file, included by other library headers.
        -:   27: *  Do not attempt to use it directly. @headername{string}
        -:   28: */
        -:   29:
        -:   30://
        -:   31:// ISO C++ 14882: 21 Strings library
        -:   32://
        -:   33:
        -:   34:#ifndef _BASIC_STRING_H
        -:   35:#define _BASIC_STRING_H 1
        -:   36:
        -:   37:#pragma GCC system_header
        -:   38:
        -:   39:#include <ext/atomicity.h>
        -:   40:#include <ext/alloc_traits.h>
        -:   41:#include <debug/debug.h>
        -:   42:
        -:   43:#if __cplusplus >= 201103L
        -:   44:#include <initializer_list>
        -:   45:#endif
        -:   46:
        -:   47:#if __cplusplus >= 201703L
        -:   48:# include <string_view>
        -:   49:#endif
        -:   50:
        -:   51:
        -:   52:namespace std _GLIBCXX_VISIBILITY(default)
        -:   53:{
        -:   54:_GLIBCXX_BEGIN_NAMESPACE_VERSION
        -:   55:
        -:   56:#if _GLIBCXX_USE_CXX11_ABI
        -:   57:_GLIBCXX_BEGIN_NAMESPACE_CXX11
        -:   58:  /**
        -:   59:   *  @class basic_string basic_string.h <string>
        -:   60:   *  @brief  Managing sequences of characters and character-like objects.
        -:   61:   *
        -:   62:   *  @ingroup strings
        -:   63:   *  @ingroup sequences
        -:   64:   *
        -:   65:   *  @tparam _CharT  Type of character
        -:   66:   *  @tparam _Traits  Traits for character type, defaults to
        -:   67:   *                   char_traits<_CharT>.
        -:   68:   *  @tparam _Alloc  Allocator type, defaults to allocator<_CharT>.
        -:   69:   *
        -:   70:   *  Meets the requirements of a <a href="tables.html#65">container</a>, a
        -:   71:   *  <a href="tables.html#66">reversible container</a>, and a
        -:   72:   *  <a href="tables.html#67">sequence</a>.  Of the
        -:   73:   *  <a href="tables.html#68">optional sequence requirements</a>, only
        -:   74:   *  @c push_back, @c at, and @c %array access are supported.
        -:   75:   */
        -:   76:  template<typename _CharT, typename _Traits, typename _Alloc>
        -:   77:    class basic_string
        -:   78:    {
        -:   79:      typedef typename __gnu_cxx::__alloc_traits<_Alloc>::template
        -:   80:	rebind<_CharT>::other _Char_alloc_type;
        -:   81:      typedef __gnu_cxx::__alloc_traits<_Char_alloc_type> _Alloc_traits;
        -:   82:
        -:   83:      // Types:
        -:   84:    public:
        -:   85:      typedef _Traits					traits_type;
        -:   86:      typedef typename _Traits::char_type		value_type;
        -:   87:      typedef _Char_alloc_type				allocator_type;
        -:   88:      typedef typename _Alloc_traits::size_type		size_type;
        -:   89:      typedef typename _Alloc_traits::difference_type	difference_type;
        -:   90:      typedef typename _Alloc_traits::reference		reference;
        -:   91:      typedef typename _Alloc_traits::const_reference	const_reference;
        -:   92:      typedef typename _Alloc_traits::pointer		pointer;
        -:   93:      typedef typename _Alloc_traits::const_pointer	const_pointer;
        -:   94:      typedef __gnu_cxx::__normal_iterator<pointer, basic_string>  iterator;
        -:   95:      typedef __gnu_cxx::__normal_iterator<const_pointer, basic_string>
        -:   96:							const_iterator;
        -:   97:      typedef std::reverse_iterator<const_iterator>	const_reverse_iterator;
        -:   98:      typedef std::reverse_iterator<iterator>		reverse_iterator;
        -:   99:
        -:  100:      ///  Value returned by various member functions when they fail.
        -:  101:      static const size_type	npos = static_cast<size_type>(-1);
        -:  102:
        -:  103:    protected:
        -:  104:      // type used for positions in insert, erase etc.
        -:  105:#if __cplusplus < 201103L
        -:  106:      typedef iterator __const_iterator;
        -:  107:#else
        -:  108:      typedef const_iterator __const_iterator;
        -:  109:#endif
        -:  110:
        -:  111:    private:
        -:  112:#if __cplusplus >= 201703L
        -:  113:      // A helper type for avoiding boiler-plate.
        -:  114:      typedef basic_string_view<_CharT, _Traits> __sv_type;
        -:  115:
        -:  116:      template<typename _Tp, typename _Res>
        -:  117:	using _If_sv = enable_if_t<
        -:  118:	  __and_<is_convertible<const _Tp&, __sv_type>,
        -:  119:		 __not_<is_convertible<const _Tp*, const basic_string*>>,
        -:  120:		 __not_<is_convertible<const _Tp&, const _CharT*>>>::value,
        -:  121:	  _Res>;
        -:  122:
        -:  123:      // Allows an implicit conversion to __sv_type.
        -:  124:      static __sv_type
        -:  125:      _S_to_string_view(__sv_type __svt) noexcept
        -:  126:      { return __svt; }
        -:  127:
        -:  128:      // Wraps a string_view by explicit conversion and thus
        -:  129:      // allows to add an internal constructor that does not
        -:  130:      // participate in overload resolution when a string_view
        -:  131:      // is provided.
        -:  132:      struct __sv_wrapper
        -:  133:      {
        -:  134:	explicit __sv_wrapper(__sv_type __sv) noexcept : _M_sv(__sv) { }
        -:  135:	__sv_type _M_sv;
        -:  136:      };
        -:  137:
        -:  138:      /**
        -:  139:       *  @brief  Only internally used: Construct string from a string view
        -:  140:       *          wrapper.
        -:  141:       *  @param  __svw  string view wrapper.
        -:  142:       *  @param  __a  Allocator to use.
        -:  143:       */
        -:  144:      explicit
        -:  145:      basic_string(__sv_wrapper __svw, const _Alloc& __a)
        -:  146:      : basic_string(__svw._M_sv.data(), __svw._M_sv.size(), __a) { }
        -:  147:#endif
        -:  148:
        -:  149:      // Use empty-base optimization: http://www.cantrip.org/emptyopt.html
        -:  150:      struct _Alloc_hider : allocator_type // TODO check __is_final
        -:  151:      {
        -:  152:#if __cplusplus < 201103L
        -:  153:	_Alloc_hider(pointer __dat, const _Alloc& __a = _Alloc())
        -:  154:	: allocator_type(__a), _M_p(__dat) { }
        -:  155:#else
        -:  156:	_Alloc_hider(pointer __dat, const _Alloc& __a)
        -:  157:	: allocator_type(__a), _M_p(__dat) { }
        -:  158:
        -:  159:	_Alloc_hider(pointer __dat, _Alloc&& __a = _Alloc())
        -:  160:	: allocator_type(std::move(__a)), _M_p(__dat) { }
        -:  161:#endif
        -:  162:
        -:  163:	pointer _M_p; // The actual data.
        -:  164:      };
        -:  165:
        -:  166:      _Alloc_hider	_M_dataplus;
        -:  167:      size_type		_M_string_length;
        -:  168:
        -:  169:      enum { _S_local_capacity = 15 / sizeof(_CharT) };
        -:  170:
        -:  171:      union
        -:  172:      {
        -:  173:	_CharT           _M_local_buf[_S_local_capacity + 1];
        -:  174:	size_type        _M_allocated_capacity;
        -:  175:      };
        -:  176:
        -:  177:      void
        -:  178:      _M_data(pointer __p)
        -:  179:      { _M_dataplus._M_p = __p; }
        -:  180:
        -:  181:      void
        -:  182:      _M_length(size_type __length)
        -:  183:      { _M_string_length = __length; }
        -:  184:
        -:  185:      pointer
        -:  186:      _M_data() const
        -:  187:      { return _M_dataplus._M_p; }
        -:  188:
        -:  189:      pointer
        -:  190:      _M_local_data()
        -:  191:      {
        -:  192:#if __cplusplus >= 201103L
        -:  193:	return std::pointer_traits<pointer>::pointer_to(*_M_local_buf);
        -:  194:#else
        -:  195:	return pointer(_M_local_buf);
        -:  196:#endif
        -:  197:      }
        -:  198:
        -:  199:      const_pointer
        -:  200:      _M_local_data() const
        -:  201:      {
        -:  202:#if __cplusplus >= 201103L
        -:  203:	return std::pointer_traits<const_pointer>::pointer_to(*_M_local_buf);
        -:  204:#else
        -:  205:	return const_pointer(_M_local_buf);
        -:  206:#endif
        -:  207:      }
        -:  208:
        -:  209:      void
        -:  210:      _M_capacity(size_type __capacity)
        -:  211:      { _M_allocated_capacity = __capacity; }
        -:  212:
        -:  213:      void
        -:  214:      _M_set_length(size_type __n)
        -:  215:      {
        -:  216:	_M_length(__n);
        -:  217:	traits_type::assign(_M_data()[__n], _CharT());
        -:  218:      }
        -:  219:
        -:  220:      bool
        -:  221:      _M_is_local() const
        -:  222:      { return _M_data() == _M_local_data(); }
        -:  223:
        -:  224:      // Create & Destroy
        -:  225:      pointer
        -:  226:      _M_create(size_type&, size_type);
        -:  227:
        -:  228:      void
        -:  229:      _M_dispose()
        -:  230:      {
        -:  231:	if (!_M_is_local())
        -:  232:	  _M_destroy(_M_allocated_capacity);
        -:  233:      }
        -:  234:
        -:  235:      void
        -:  236:      _M_destroy(size_type __size) throw()
        -:  237:      { _Alloc_traits::deallocate(_M_get_allocator(), _M_data(), __size + 1); }
        -:  238:
        -:  239:      // _M_construct_aux is used to implement the 21.3.1 para 15 which
        -:  240:      // requires special behaviour if _InIterator is an integral type
        -:  241:      template<typename _InIterator>
        -:  242:        void
        -:  243:        _M_construct_aux(_InIterator __beg, _InIterator __end,
        -:  244:			 std::__false_type)
        -:  245:	{
        -:  246:          typedef typename iterator_traits<_InIterator>::iterator_category _Tag;
        -:  247:          _M_construct(__beg, __end, _Tag());
        -:  248:	}
        -:  249:
        -:  250:      // _GLIBCXX_RESOLVE_LIB_DEFECTS
        -:  251:      // 438. Ambiguity in the "do the right thing" clause
        -:  252:      template<typename _Integer>
        -:  253:        void
        -:  254:        _M_construct_aux(_Integer __beg, _Integer __end, std::__true_type)
        -:  255:	{ _M_construct_aux_2(static_cast<size_type>(__beg), __end); }
        -:  256:
        -:  257:      void
        -:  258:      _M_construct_aux_2(size_type __req, _CharT __c)
        -:  259:      { _M_construct(__req, __c); }
        -:  260:
        -:  261:      template<typename _InIterator>
        -:  262:        void
        -:  263:        _M_construct(_InIterator __beg, _InIterator __end)
        -:  264:	{
        -:  265:	  typedef typename std::__is_integer<_InIterator>::__type _Integral;
        -:  266:	  _M_construct_aux(__beg, __end, _Integral());
        -:  267:        }
        -:  268:
        -:  269:      // For Input Iterators, used in istreambuf_iterators, etc.
        -:  270:      template<typename _InIterator>
        -:  271:        void
        -:  272:        _M_construct(_InIterator __beg, _InIterator __end,
        -:  273:		     std::input_iterator_tag);
        -:  274:
        -:  275:      // For forward_iterators up to random_access_iterators, used for
        -:  276:      // string::iterator, _CharT*, etc.
        -:  277:      template<typename _FwdIterator>
        -:  278:        void
        -:  279:        _M_construct(_FwdIterator __beg, _FwdIterator __end,
        -:  280:		     std::forward_iterator_tag);
        -:  281:
        -:  282:      void
        -:  283:      _M_construct(size_type __req, _CharT __c);
        -:  284:
        -:  285:      allocator_type&
        -:  286:      _M_get_allocator()
        -:  287:      { return _M_dataplus; }
        -:  288:
        -:  289:      const allocator_type&
        -:  290:      _M_get_allocator() const
        -:  291:      { return _M_dataplus; }
        -:  292:
        -:  293:    private:
        -:  294:
        -:  295:#ifdef _GLIBCXX_DISAMBIGUATE_REPLACE_INST
        -:  296:      // The explicit instantiations in misc-inst.cc require this due to
        -:  297:      // https://gcc.gnu.org/bugzilla/show_bug.cgi?id=64063
        -:  298:      template<typename _Tp, bool _Requires =
        -:  299:	       !__are_same<_Tp, _CharT*>::__value
        -:  300:	       && !__are_same<_Tp, const _CharT*>::__value
        -:  301:	       && !__are_same<_Tp, iterator>::__value
        -:  302:	       && !__are_same<_Tp, const_iterator>::__value>
        -:  303:	struct __enable_if_not_native_iterator
        -:  304:	{ typedef basic_string& __type; };
        -:  305:      template<typename _Tp>
        -:  306:	struct __enable_if_not_native_iterator<_Tp, false> { };
        -:  307:#endif
        -:  308:
        -:  309:      size_type
        -:  310:      _M_check(size_type __pos, const char* __s) const
        -:  311:      {
        -:  312:	if (__pos > this->size())
        -:  313:	  __throw_out_of_range_fmt(__N("%s: __pos (which is %zu) > "
        -:  314:				       "this->size() (which is %zu)"),
        -:  315:				   __s, __pos, this->size());
        -:  316:	return __pos;
        -:  317:      }
        -:  318:
        -:  319:      void
        -:  320:      _M_check_length(size_type __n1, size_type __n2, const char* __s) const
        -:  321:      {
        -:  322:	if (this->max_size() - (this->size() - __n1) < __n2)
        -:  323:	  __throw_length_error(__N(__s));
        -:  324:      }
        -:  325:
        -:  326:
        -:  327:      // NB: _M_limit doesn't check for a bad __pos value.
        -:  328:      size_type
        -:  329:      _M_limit(size_type __pos, size_type __off) const _GLIBCXX_NOEXCEPT
        -:  330:      {
        -:  331:	const bool __testoff =  __off < this->size() - __pos;
        -:  332:	return __testoff ? __off : this->size() - __pos;
        -:  333:      }
        -:  334:
        -:  335:      // True if _Rep and source do not overlap.
        -:  336:      bool
        -:  337:      _M_disjunct(const _CharT* __s) const _GLIBCXX_NOEXCEPT
        -:  338:      {
        -:  339:	return (less<const _CharT*>()(__s, _M_data())
        -:  340:		|| less<const _CharT*>()(_M_data() + this->size(), __s));
        -:  341:      }
        -:  342:
        -:  343:      // When __n = 1 way faster than the general multichar
        -:  344:      // traits_type::copy/move/assign.
        -:  345:      static void
        -:  346:      _S_copy(_CharT* __d, const _CharT* __s, size_type __n)
        -:  347:      {
        -:  348:	if (__n == 1)
        -:  349:	  traits_type::assign(*__d, *__s);
        -:  350:	else
        -:  351:	  traits_type::copy(__d, __s, __n);
        -:  352:      }
        -:  353:
        -:  354:      static void
        -:  355:      _S_move(_CharT* __d, const _CharT* __s, size_type __n)
        -:  356:      {
        -:  357:	if (__n == 1)
        -:  358:	  traits_type::assign(*__d, *__s);
        -:  359:	else
        -:  360:	  traits_type::move(__d, __s, __n);
        -:  361:      }
        -:  362:
        -:  363:      static void
        -:  364:      _S_assign(_CharT* __d, size_type __n, _CharT __c)
        -:  365:      {
        -:  366:	if (__n == 1)
        -:  367:	  traits_type::assign(*__d, __c);
        -:  368:	else
        -:  369:	  traits_type::assign(__d, __n, __c);
        -:  370:      }
        -:  371:
        -:  372:      // _S_copy_chars is a separate template to permit specialization
        -:  373:      // to optimize for the common case of pointers as iterators.
        -:  374:      template<class _Iterator>
        -:  375:        static void
        -:  376:        _S_copy_chars(_CharT* __p, _Iterator __k1, _Iterator __k2)
        -:  377:        {
        -:  378:	  for (; __k1 != __k2; ++__k1, (void)++__p)
        -:  379:	    traits_type::assign(*__p, *__k1); // These types are off.
        -:  380:	}
        -:  381:
        -:  382:      static void
        -:  383:      _S_copy_chars(_CharT* __p, iterator __k1, iterator __k2) _GLIBCXX_NOEXCEPT
        -:  384:      { _S_copy_chars(__p, __k1.base(), __k2.base()); }
        -:  385:
        -:  386:      static void
        -:  387:      _S_copy_chars(_CharT* __p, const_iterator __k1, const_iterator __k2)
        -:  388:      _GLIBCXX_NOEXCEPT
        -:  389:      { _S_copy_chars(__p, __k1.base(), __k2.base()); }
        -:  390:
        -:  391:      static void
        -:  392:      _S_copy_chars(_CharT* __p, _CharT* __k1, _CharT* __k2) _GLIBCXX_NOEXCEPT
        -:  393:      { _S_copy(__p, __k1, __k2 - __k1); }
        -:  394:
        -:  395:      static void
        -:  396:      _S_copy_chars(_CharT* __p, const _CharT* __k1, const _CharT* __k2)
        -:  397:      _GLIBCXX_NOEXCEPT
        -:  398:      { _S_copy(__p, __k1, __k2 - __k1); }
        -:  399:
        -:  400:      static int
        -:  401:      _S_compare(size_type __n1, size_type __n2) _GLIBCXX_NOEXCEPT
        -:  402:      {
        -:  403:	const difference_type __d = difference_type(__n1 - __n2);
        -:  404:
        -:  405:	if (__d > __gnu_cxx::__numeric_traits<int>::__max)
        -:  406:	  return __gnu_cxx::__numeric_traits<int>::__max;
        -:  407:	else if (__d < __gnu_cxx::__numeric_traits<int>::__min)
        -:  408:	  return __gnu_cxx::__numeric_traits<int>::__min;
        -:  409:	else
        -:  410:	  return int(__d);
        -:  411:      }
        -:  412:
        -:  413:      void
        -:  414:      _M_assign(const basic_string&);
        -:  415:
        -:  416:      void
        -:  417:      _M_mutate(size_type __pos, size_type __len1, const _CharT* __s,
        -:  418:		size_type __len2);
        -:  419:
        -:  420:      void
        -:  421:      _M_erase(size_type __pos, size_type __n);
        -:  422:
        -:  423:    public:
        -:  424:      // Construct/copy/destroy:
        -:  425:      // NB: We overload ctors in some cases instead of using default
        -:  426:      // arguments, per 17.4.4.4 para. 2 item 2.
        -:  427:
        -:  428:      /**
        -:  429:       *  @brief  Default constructor creates an empty string.
        -:  430:       */
        -:  431:      basic_string()
        -:  432:      _GLIBCXX_NOEXCEPT_IF(is_nothrow_default_constructible<_Alloc>::value)
        -:  433:      : _M_dataplus(_M_local_data())
        -:  434:      { _M_set_length(0); }
        -:  435:
        -:  436:      /**
        -:  437:       *  @brief  Construct an empty string using allocator @a a.
        -:  438:       */
        -:  439:      explicit
        -:  440:      basic_string(const _Alloc& __a) _GLIBCXX_NOEXCEPT
        -:  441:      : _M_dataplus(_M_local_data(), __a)
        -:  442:      { _M_set_length(0); }
        -:  443:
        -:  444:      /**
        -:  445:       *  @brief  Construct string with copy of value of @a __str.
        -:  446:       *  @param  __str  Source string.
        -:  447:       */
        -:  448:      basic_string(const basic_string& __str)
        -:  449:      : _M_dataplus(_M_local_data(),
        -:  450:		    _Alloc_traits::_S_select_on_copy(__str._M_get_allocator()))
        -:  451:      { _M_construct(__str._M_data(), __str._M_data() + __str.length()); }
        -:  452:
        -:  453:      // _GLIBCXX_RESOLVE_LIB_DEFECTS
        -:  454:      // 2583. no way to supply an allocator for basic_string(str, pos)
        -:  455:      /**
        -:  456:       *  @brief  Construct string as copy of a substring.
        -:  457:       *  @param  __str  Source string.
        -:  458:       *  @param  __pos  Index of first character to copy from.
        -:  459:       *  @param  __a  Allocator to use.
        -:  460:       */
        -:  461:      basic_string(const basic_string& __str, size_type __pos,
        -:  462:		   const _Alloc& __a = _Alloc())
        -:  463:      : _M_dataplus(_M_local_data(), __a)
        -:  464:      {
        -:  465:	const _CharT* __start = __str._M_data()
        -:  466:	  + __str._M_check(__pos, "basic_string::basic_string");
        -:  467:	_M_construct(__start, __start + __str._M_limit(__pos, npos));
        -:  468:      }
        -:  469:
        -:  470:      /**
        -:  471:       *  @brief  Construct string as copy of a substring.
        -:  472:       *  @param  __str  Source string.
        -:  473:       *  @param  __pos  Index of first character to copy from.
        -:  474:       *  @param  __n  Number of characters to copy.
        -:  475:       */
        -:  476:      basic_string(const basic_string& __str, size_type __pos,
        -:  477:		   size_type __n)
        -:  478:      : _M_dataplus(_M_local_data())
        -:  479:      {
        -:  480:	const _CharT* __start = __str._M_data()
        -:  481:	  + __str._M_check(__pos, "basic_string::basic_string");
        -:  482:	_M_construct(__start, __start + __str._M_limit(__pos, __n));
        -:  483:      }
        -:  484:
        -:  485:      /**
        -:  486:       *  @brief  Construct string as copy of a substring.
        -:  487:       *  @param  __str  Source string.
        -:  488:       *  @param  __pos  Index of first character to copy from.
        -:  489:       *  @param  __n  Number of characters to copy.
        -:  490:       *  @param  __a  Allocator to use.
        -:  491:       */
        -:  492:      basic_string(const basic_string& __str, size_type __pos,
        -:  493:		   size_type __n, const _Alloc& __a)
        -:  494:      : _M_dataplus(_M_local_data(), __a)
        -:  495:      {
        -:  496:	const _CharT* __start
        -:  497:	  = __str._M_data() + __str._M_check(__pos, "string::string");
        -:  498:	_M_construct(__start, __start + __str._M_limit(__pos, __n));
        -:  499:      }
        -:  500:
        -:  501:      /**
        -:  502:       *  @brief  Construct string initialized by a character %array.
        -:  503:       *  @param  __s  Source character %array.
        -:  504:       *  @param  __n  Number of characters to copy.
        -:  505:       *  @param  __a  Allocator to use (default is default allocator).
        -:  506:       *
        -:  507:       *  NB: @a __s must have at least @a __n characters, &apos;\\0&apos;
        -:  508:       *  has no special meaning.
        -:  509:       */
        -:  510:      basic_string(const _CharT* __s, size_type __n,
        -:  511:		   const _Alloc& __a = _Alloc())
        -:  512:      : _M_dataplus(_M_local_data(), __a)
        -:  513:      { _M_construct(__s, __s + __n); }
        -:  514:
        -:  515:      /**
        -:  516:       *  @brief  Construct string as copy of a C string.
        -:  517:       *  @param  __s  Source C string.
        -:  518:       *  @param  __a  Allocator to use (default is default allocator).
        -:  519:       */
        -:  520:#if __cpp_deduction_guides && ! defined _GLIBCXX_DEFINING_STRING_INSTANTIATIONS
        -:  521:      // _GLIBCXX_RESOLVE_LIB_DEFECTS
        -:  522:      // 3076. basic_string CTAD ambiguity
        -:  523:      template<typename = _RequireAllocator<_Alloc>>
        -:  524:#endif
        -:  525:      basic_string(const _CharT* __s, const _Alloc& __a = _Alloc())
        -:  526:      : _M_dataplus(_M_local_data(), __a)
        -:  527:      { _M_construct(__s, __s ? __s + traits_type::length(__s) : __s+npos); }
        -:  528:
        -:  529:      /**
        -:  530:       *  @brief  Construct string as multiple characters.
        -:  531:       *  @param  __n  Number of characters.
        -:  532:       *  @param  __c  Character to use.
        -:  533:       *  @param  __a  Allocator to use (default is default allocator).
        -:  534:       */
        -:  535:#if __cpp_deduction_guides && ! defined _GLIBCXX_DEFINING_STRING_INSTANTIATIONS
        -:  536:      // _GLIBCXX_RESOLVE_LIB_DEFECTS
        -:  537:      // 3076. basic_string CTAD ambiguity
        -:  538:      template<typename = _RequireAllocator<_Alloc>>
        -:  539:#endif
    #####:  540:      basic_string(size_type __n, _CharT __c, const _Alloc& __a = _Alloc())
    $$$$$:  540-block  0
        -:  541:      : _M_dataplus(_M_local_data(), __a)
        -:  542:      { _M_construct(__n, __c); }
        -:  543:
        -:  544:#if __cplusplus >= 201103L
        -:  545:      /**
        -:  546:       *  @brief  Move construct string.
        -:  547:       *  @param  __str  Source string.
        -:  548:       *
        -:  549:       *  The newly-created string contains the exact contents of @a __str.
        -:  550:       *  @a __str is a valid, but unspecified string.
        -:  551:       **/
        -:  552:      basic_string(basic_string&& __str) noexcept
        -:  553:      : _M_dataplus(_M_local_data(), std::move(__str._M_get_allocator()))
        -:  554:      {
        -:  555:	if (__str._M_is_local())
        -:  556:	  {
        -:  557:	    traits_type::copy(_M_local_buf, __str._M_local_buf,
        -:  558:			      _S_local_capacity + 1);
        -:  559:	  }
        -:  560:	else
        -:  561:	  {
        -:  562:	    _M_data(__str._M_data());
        -:  563:	    _M_capacity(__str._M_allocated_capacity);
        -:  564:	  }
        -:  565:
        -:  566:	// Must use _M_length() here not _M_set_length() because
        -:  567:	// basic_stringbuf relies on writing into unallocated capacity so
        -:  568:	// we mess up the contents if we put a '\0' in the string.
        -:  569:	_M_length(__str.length());
        -:  570:	__str._M_data(__str._M_local_data());
        -:  571:	__str._M_set_length(0);
        -:  572:      }
        -:  573:
        -:  574:      /**
        -:  575:       *  @brief  Construct string from an initializer %list.
        -:  576:       *  @param  __l  std::initializer_list of characters.
        -:  577:       *  @param  __a  Allocator to use (default is default allocator).
        -:  578:       */
        -:  579:      basic_string(initializer_list<_CharT> __l, const _Alloc& __a = _Alloc())
        -:  580:      : _M_dataplus(_M_local_data(), __a)
        -:  581:      { _M_construct(__l.begin(), __l.end()); }
        -:  582:
        -:  583:      basic_string(const basic_string& __str, const _Alloc& __a)
        -:  584:      : _M_dataplus(_M_local_data(), __a)
        -:  585:      { _M_construct(__str.begin(), __str.end()); }
        -:  586:
        -:  587:      basic_string(basic_string&& __str, const _Alloc& __a)
        -:  588:      noexcept(_Alloc_traits::_S_always_equal())
        -:  589:      : _M_dataplus(_M_local_data(), __a)
        -:  590:      {
        -:  591:	if (__str._M_is_local())
        -:  592:	  {
        -:  593:	    traits_type::copy(_M_local_buf, __str._M_local_buf,
        -:  594:			      _S_local_capacity + 1);
        -:  595:	    _M_length(__str.length());
        -:  596:	    __str._M_set_length(0);
        -:  597:	  }
        -:  598:	else if (_Alloc_traits::_S_always_equal()
        -:  599:	    || __str.get_allocator() == __a)
        -:  600:	  {
        -:  601:	    _M_data(__str._M_data());
        -:  602:	    _M_length(__str.length());
        -:  603:	    _M_capacity(__str._M_allocated_capacity);
        -:  604:	    __str._M_data(__str._M_local_buf);
        -:  605:	    __str._M_set_length(0);
        -:  606:	  }
        -:  607:	else
        -:  608:	  _M_construct(__str.begin(), __str.end());
        -:  609:      }
        -:  610:
        -:  611:#endif // C++11
        -:  612:
        -:  613:      /**
        -:  614:       *  @brief  Construct string as copy of a range.
        -:  615:       *  @param  __beg  Start of range.
        -:  616:       *  @param  __end  End of range.
        -:  617:       *  @param  __a  Allocator to use (default is default allocator).
        -:  618:       */
        -:  619:#if __cplusplus >= 201103L
        -:  620:      template<typename _InputIterator,
        -:  621:	       typename = std::_RequireInputIter<_InputIterator>>
        -:  622:#else
        -:  623:      template<typename _InputIterator>
        -:  624:#endif
        -:  625:        basic_string(_InputIterator __beg, _InputIterator __end,
        -:  626:		     const _Alloc& __a = _Alloc())
        -:  627:	: _M_dataplus(_M_local_data(), __a)
        -:  628:	{ _M_construct(__beg, __end); }
        -:  629:
        -:  630:#if __cplusplus >= 201703L
        -:  631:      /**
        -:  632:       *  @brief  Construct string from a substring of a string_view.
        -:  633:       *  @param  __t   Source object convertible to string view.
        -:  634:       *  @param  __pos The index of the first character to copy from __t.
        -:  635:       *  @param  __n   The number of characters to copy from __t.
        -:  636:       *  @param  __a   Allocator to use.
        -:  637:       */
        -:  638:      template<typename _Tp, typename = _If_sv<_Tp, void>>
        -:  639:	basic_string(const _Tp& __t, size_type __pos, size_type __n,
        -:  640:		     const _Alloc& __a = _Alloc())
        -:  641:	: basic_string(_S_to_string_view(__t).substr(__pos, __n), __a) { }
        -:  642:
        -:  643:      /**
        -:  644:       *  @brief  Construct string from a string_view.
        -:  645:       *  @param  __t  Source object convertible to string view.
        -:  646:       *  @param  __a  Allocator to use (default is default allocator).
        -:  647:       */
        -:  648:      template<typename _Tp, typename = _If_sv<_Tp, void>>
        -:  649:	explicit
        -:  650:	basic_string(const _Tp& __t, const _Alloc& __a = _Alloc())
        -:  651:	: basic_string(__sv_wrapper(_S_to_string_view(__t)), __a) { }
        -:  652:#endif // C++17
        -:  653:
        -:  654:      /**
        -:  655:       *  @brief  Destroy the string instance.
        -:  656:       */
        -:  657:      ~basic_string()
        -:  658:      { _M_dispose(); }
        -:  659:
        -:  660:      /**
        -:  661:       *  @brief  Assign the value of @a str to this string.
        -:  662:       *  @param  __str  Source string.
        -:  663:       */
        -:  664:      basic_string&
        -:  665:      operator=(const basic_string& __str)
        -:  666:      {
        -:  667:	return this->assign(__str);
        -:  668:      }
        -:  669:
        -:  670:      /**
        -:  671:       *  @brief  Copy contents of @a s into this string.
        -:  672:       *  @param  __s  Source null-terminated string.
        -:  673:       */
        -:  674:      basic_string&
        -:  675:      operator=(const _CharT* __s)
        -:  676:      { return this->assign(__s); }
        -:  677:
        -:  678:      /**
        -:  679:       *  @brief  Set value to string of length 1.
        -:  680:       *  @param  __c  Source character.
        -:  681:       *
        -:  682:       *  Assigning to a character makes this string length 1 and
        -:  683:       *  (*this)[0] == @a c.
        -:  684:       */
        -:  685:      basic_string&
        -:  686:      operator=(_CharT __c)
        -:  687:      {
        -:  688:	this->assign(1, __c);
        -:  689:	return *this;
        -:  690:      }
        -:  691:
        -:  692:#if __cplusplus >= 201103L
        -:  693:      /**
        -:  694:       *  @brief  Move assign the value of @a str to this string.
        -:  695:       *  @param  __str  Source string.
        -:  696:       *
        -:  697:       *  The contents of @a str are moved into this string (without copying).
        -:  698:       *  @a str is a valid, but unspecified string.
        -:  699:       **/
        -:  700:      // _GLIBCXX_RESOLVE_LIB_DEFECTS
        -:  701:      // 2063. Contradictory requirements for string move assignment
        -:  702:      basic_string&
        -:  703:      operator=(basic_string&& __str)
        -:  704:      noexcept(_Alloc_traits::_S_nothrow_move())
        -:  705:      {
        -:  706:	if (!_M_is_local() && _Alloc_traits::_S_propagate_on_move_assign()
        -:  707:	    && !_Alloc_traits::_S_always_equal()
        -:  708:	    && _M_get_allocator() != __str._M_get_allocator())
        -:  709:	  {
        -:  710:	    // Destroy existing storage before replacing allocator.
        -:  711:	    _M_destroy(_M_allocated_capacity);
        -:  712:	    _M_data(_M_local_data());
        -:  713:	    _M_set_length(0);
        -:  714:	  }
        -:  715:	// Replace allocator if POCMA is true.
        -:  716:	std::__alloc_on_move(_M_get_allocator(), __str._M_get_allocator());
        -:  717:
        -:  718:	if (__str._M_is_local())
        -:  719:	  {
        -:  720:	    // We've always got room for a short string, just copy it.
        -:  721:	    if (__str.size())
        -:  722:	      this->_S_copy(_M_data(), __str._M_data(), __str.size());
        -:  723:	    _M_set_length(__str.size());
        -:  724:	  }
        -:  725:	else if (_Alloc_traits::_S_propagate_on_move_assign()
        -:  726:	    || _Alloc_traits::_S_always_equal()
        -:  727:	    || _M_get_allocator() == __str._M_get_allocator())
        -:  728:	  {
        -:  729:	    // Just move the allocated pointer, our allocator can free it.
        -:  730:	    pointer __data = nullptr;
        -:  731:	    size_type __capacity;
        -:  732:	    if (!_M_is_local())
        -:  733:	      {
        -:  734:		if (_Alloc_traits::_S_always_equal())
        -:  735:		  {
        -:  736:		    // __str can reuse our existing storage.
        -:  737:		    __data = _M_data();
        -:  738:		    __capacity = _M_allocated_capacity;
        -:  739:		  }
        -:  740:		else // __str can't use it, so free it.
        -:  741:		  _M_destroy(_M_allocated_capacity);
        -:  742:	      }
        -:  743:
        -:  744:	    _M_data(__str._M_data());
        -:  745:	    _M_length(__str.length());
        -:  746:	    _M_capacity(__str._M_allocated_capacity);
        -:  747:	    if (__data)
        -:  748:	      {
        -:  749:		__str._M_data(__data);
        -:  750:		__str._M_capacity(__capacity);
        -:  751:	      }
        -:  752:	    else
        -:  753:	      __str._M_data(__str._M_local_buf);
        -:  754:	  }
        -:  755:	else // Need to do a deep copy
        -:  756:	  assign(__str);
        -:  757:	__str.clear();
        -:  758:	return *this;
        -:  759:      }
        -:  760:
        -:  761:      /**
        -:  762:       *  @brief  Set value to string constructed from initializer %list.
        -:  763:       *  @param  __l  std::initializer_list.
        -:  764:       */
        -:  765:      basic_string&
        -:  766:      operator=(initializer_list<_CharT> __l)
        -:  767:      {
        -:  768:	this->assign(__l.begin(), __l.size());
        -:  769:	return *this;
        -:  770:      }
        -:  771:#endif // C++11
        -:  772:
        -:  773:#if __cplusplus >= 201703L
        -:  774:      /**
        -:  775:       *  @brief  Set value to string constructed from a string_view.
        -:  776:       *  @param  __svt  An object convertible to string_view.
        -:  777:       */
        -:  778:     template<typename _Tp>
        -:  779:       _If_sv<_Tp, basic_string&>
        -:  780:       operator=(const _Tp& __svt)
        -:  781:       { return this->assign(__svt); }
        -:  782:
        -:  783:      /**
        -:  784:       *  @brief  Convert to a string_view.
        -:  785:       *  @return A string_view.
        -:  786:       */
        -:  787:      operator __sv_type() const noexcept
        -:  788:      { return __sv_type(data(), size()); }
        -:  789:#endif // C++17
        -:  790:
        -:  791:      // Iterators:
        -:  792:      /**
        -:  793:       *  Returns a read/write iterator that points to the first character in
        -:  794:       *  the %string.
        -:  795:       */
        -:  796:      iterator
        -:  797:      begin() _GLIBCXX_NOEXCEPT
        -:  798:      { return iterator(_M_data()); }
        -:  799:
        -:  800:      /**
        -:  801:       *  Returns a read-only (constant) iterator that points to the first
        -:  802:       *  character in the %string.
        -:  803:       */
        -:  804:      const_iterator
        -:  805:      begin() const _GLIBCXX_NOEXCEPT
        -:  806:      { return const_iterator(_M_data()); }
        -:  807:
        -:  808:      /**
        -:  809:       *  Returns a read/write iterator that points one past the last
        -:  810:       *  character in the %string.
        -:  811:       */
        -:  812:      iterator
        -:  813:      end() _GLIBCXX_NOEXCEPT
        -:  814:      { return iterator(_M_data() + this->size()); }
        -:  815:
        -:  816:      /**
        -:  817:       *  Returns a read-only (constant) iterator that points one past the
        -:  818:       *  last character in the %string.
        -:  819:       */
        -:  820:      const_iterator
        -:  821:      end() const _GLIBCXX_NOEXCEPT
        -:  822:      { return const_iterator(_M_data() + this->size()); }
        -:  823:
        -:  824:      /**
        -:  825:       *  Returns a read/write reverse iterator that points to the last
        -:  826:       *  character in the %string.  Iteration is done in reverse element
        -:  827:       *  order.
        -:  828:       */
        -:  829:      reverse_iterator
        -:  830:      rbegin() _GLIBCXX_NOEXCEPT
        -:  831:      { return reverse_iterator(this->end()); }
        -:  832:
        -:  833:      /**
        -:  834:       *  Returns a read-only (constant) reverse iterator that points
        -:  835:       *  to the last character in the %string.  Iteration is done in
        -:  836:       *  reverse element order.
        -:  837:       */
        -:  838:      const_reverse_iterator
        -:  839:      rbegin() const _GLIBCXX_NOEXCEPT
        -:  840:      { return const_reverse_iterator(this->end()); }
        -:  841:
        -:  842:      /**
        -:  843:       *  Returns a read/write reverse iterator that points to one before the
        -:  844:       *  first character in the %string.  Iteration is done in reverse
        -:  845:       *  element order.
        -:  846:       */
        -:  847:      reverse_iterator
        -:  848:      rend() _GLIBCXX_NOEXCEPT
        -:  849:      { return reverse_iterator(this->begin()); }
        -:  850:
        -:  851:      /**
        -:  852:       *  Returns a read-only (constant) reverse iterator that points
        -:  853:       *  to one before the first character in the %string.  Iteration
        -:  854:       *  is done in reverse element order.
        -:  855:       */
        -:  856:      const_reverse_iterator
        -:  857:      rend() const _GLIBCXX_NOEXCEPT
        -:  858:      { return const_reverse_iterator(this->begin()); }
        -:  859:
        -:  860:#if __cplusplus >= 201103L
        -:  861:      /**
        -:  862:       *  Returns a read-only (constant) iterator that points to the first
        -:  863:       *  character in the %string.
        -:  864:       */
        -:  865:      const_iterator
        -:  866:      cbegin() const noexcept
        -:  867:      { return const_iterator(this->_M_data()); }
        -:  868:
        -:  869:      /**
        -:  870:       *  Returns a read-only (constant) iterator that points one past the
        -:  871:       *  last character in the %string.
        -:  872:       */
        -:  873:      const_iterator
        -:  874:      cend() const noexcept
        -:  875:      { return const_iterator(this->_M_data() + this->size()); }
        -:  876:
        -:  877:      /**
        -:  878:       *  Returns a read-only (constant) reverse iterator that points
        -:  879:       *  to the last character in the %string.  Iteration is done in
        -:  880:       *  reverse element order.
        -:  881:       */
        -:  882:      const_reverse_iterator
        -:  883:      crbegin() const noexcept
        -:  884:      { return const_reverse_iterator(this->end()); }
        -:  885:
        -:  886:      /**
        -:  887:       *  Returns a read-only (constant) reverse iterator that points
        -:  888:       *  to one before the first character in the %string.  Iteration
        -:  889:       *  is done in reverse element order.
        -:  890:       */
        -:  891:      const_reverse_iterator
        -:  892:      crend() const noexcept
        -:  893:      { return const_reverse_iterator(this->begin()); }
        -:  894:#endif
        -:  895:
        -:  896:    public:
        -:  897:      // Capacity:
        -:  898:      ///  Returns the number of characters in the string, not including any
        -:  899:      ///  null-termination.
        -:  900:      size_type
        -:  901:      size() const _GLIBCXX_NOEXCEPT
        -:  902:      { return _M_string_length; }
        -:  903:
        -:  904:      ///  Returns the number of characters in the string, not including any
        -:  905:      ///  null-termination.
        -:  906:      size_type
        -:  907:      length() const _GLIBCXX_NOEXCEPT
        -:  908:      { return _M_string_length; }
        -:  909:
        -:  910:      ///  Returns the size() of the largest possible %string.
        -:  911:      size_type
        -:  912:      max_size() const _GLIBCXX_NOEXCEPT
        -:  913:      { return (_Alloc_traits::max_size(_M_get_allocator()) - 1) / 2; }
        -:  914:
        -:  915:      /**
        -:  916:       *  @brief  Resizes the %string to the specified number of characters.
        -:  917:       *  @param  __n  Number of characters the %string should contain.
        -:  918:       *  @param  __c  Character to fill any new elements.
        -:  919:       *
        -:  920:       *  This function will %resize the %string to the specified
        -:  921:       *  number of characters.  If the number is smaller than the
        -:  922:       *  %string's current size the %string is truncated, otherwise
        -:  923:       *  the %string is extended and new elements are %set to @a __c.
        -:  924:       */
        -:  925:      void
        -:  926:      resize(size_type __n, _CharT __c);
        -:  927:
        -:  928:      /**
        -:  929:       *  @brief  Resizes the %string to the specified number of characters.
        -:  930:       *  @param  __n  Number of characters the %string should contain.
        -:  931:       *
        -:  932:       *  This function will resize the %string to the specified length.  If
        -:  933:       *  the new size is smaller than the %string's current size the %string
        -:  934:       *  is truncated, otherwise the %string is extended and new characters
        -:  935:       *  are default-constructed.  For basic types such as char, this means
        -:  936:       *  setting them to 0.
        -:  937:       */
        -:  938:      void
        -:  939:      resize(size_type __n)
        -:  940:      { this->resize(__n, _CharT()); }
        -:  941:
        -:  942:#if __cplusplus >= 201103L
        -:  943:      ///  A non-binding request to reduce capacity() to size().
        -:  944:      void
        -:  945:      shrink_to_fit() noexcept
        -:  946:      {
        -:  947:#if __cpp_exceptions
        -:  948:	if (capacity() > size())
        -:  949:	  {
        -:  950:	    try
        -:  951:	      { reserve(0); }
        -:  952:	    catch(...)
        -:  953:	      { }
        -:  954:	  }
        -:  955:#endif
        -:  956:      }
        -:  957:#endif
        -:  958:
        -:  959:      /**
        -:  960:       *  Returns the total number of characters that the %string can hold
        -:  961:       *  before needing to allocate more memory.
        -:  962:       */
        -:  963:      size_type
        -:  964:      capacity() const _GLIBCXX_NOEXCEPT
        -:  965:      {
        -:  966:	return _M_is_local() ? size_type(_S_local_capacity)
        -:  967:	                     : _M_allocated_capacity;
        -:  968:      }
        -:  969:
        -:  970:      /**
        -:  971:       *  @brief  Attempt to preallocate enough memory for specified number of
        -:  972:       *          characters.
        -:  973:       *  @param  __res_arg  Number of characters required.
        -:  974:       *  @throw  std::length_error  If @a __res_arg exceeds @c max_size().
        -:  975:       *
        -:  976:       *  This function attempts to reserve enough memory for the
        -:  977:       *  %string to hold the specified number of characters.  If the
        -:  978:       *  number requested is more than max_size(), length_error is
        -:  979:       *  thrown.
        -:  980:       *
        -:  981:       *  The advantage of this function is that if optimal code is a
        -:  982:       *  necessity and the user can determine the string length that will be
        -:  983:       *  required, the user can reserve the memory in %advance, and thus
        -:  984:       *  prevent a possible reallocation of memory and copying of %string
        -:  985:       *  data.
        -:  986:       */
        -:  987:      void
        -:  988:      reserve(size_type __res_arg = 0);
        -:  989:
        -:  990:      /**
        -:  991:       *  Erases the string, making it empty.
        -:  992:       */
        -:  993:      void
        -:  994:      clear() _GLIBCXX_NOEXCEPT
        -:  995:      { _M_set_length(0); }
        -:  996:
        -:  997:      /**
        -:  998:       *  Returns true if the %string is empty.  Equivalent to 
        -:  999:       *  <code>*this == ""</code>.
        -: 1000:       */
        -: 1001:      _GLIBCXX_NODISCARD bool
        -: 1002:      empty() const _GLIBCXX_NOEXCEPT
        -: 1003:      { return this->size() == 0; }
        -: 1004:
        -: 1005:      // Element access:
        -: 1006:      /**
        -: 1007:       *  @brief  Subscript access to the data contained in the %string.
        -: 1008:       *  @param  __pos  The index of the character to access.
        -: 1009:       *  @return  Read-only (constant) reference to the character.
        -: 1010:       *
        -: 1011:       *  This operator allows for easy, array-style, data access.
        -: 1012:       *  Note that data access with this operator is unchecked and
        -: 1013:       *  out_of_range lookups are not defined. (For checked lookups
        -: 1014:       *  see at().)
        -: 1015:       */
        -: 1016:      const_reference
        -: 1017:      operator[] (size_type __pos) const _GLIBCXX_NOEXCEPT
        -: 1018:      {
        -: 1019:	__glibcxx_assert(__pos <= size());
        -: 1020:	return _M_data()[__pos];
        -: 1021:      }
        -: 1022:
        -: 1023:      /**
        -: 1024:       *  @brief  Subscript access to the data contained in the %string.
        -: 1025:       *  @param  __pos  The index of the character to access.
        -: 1026:       *  @return  Read/write reference to the character.
        -: 1027:       *
        -: 1028:       *  This operator allows for easy, array-style, data access.
        -: 1029:       *  Note that data access with this operator is unchecked and
        -: 1030:       *  out_of_range lookups are not defined. (For checked lookups
        -: 1031:       *  see at().)
        -: 1032:       */
        -: 1033:      reference
        -: 1034:      operator[](size_type __pos)
        -: 1035:      {
        -: 1036:        // Allow pos == size() both in C++98 mode, as v3 extension,
        -: 1037:	// and in C++11 mode.
        -: 1038:	__glibcxx_assert(__pos <= size());
        -: 1039:        // In pedantic mode be strict in C++98 mode.
        -: 1040:	_GLIBCXX_DEBUG_PEDASSERT(__cplusplus >= 201103L || __pos < size());
        -: 1041:	return _M_data()[__pos];
        -: 1042:      }
        -: 1043:
        -: 1044:      /**
        -: 1045:       *  @brief  Provides access to the data contained in the %string.
        -: 1046:       *  @param __n The index of the character to access.
        -: 1047:       *  @return  Read-only (const) reference to the character.
        -: 1048:       *  @throw  std::out_of_range  If @a n is an invalid index.
        -: 1049:       *
        -: 1050:       *  This function provides for safer data access.  The parameter is
        -: 1051:       *  first checked that it is in the range of the string.  The function
        -: 1052:       *  throws out_of_range if the check fails.
        -: 1053:       */
        -: 1054:      const_reference
        -: 1055:      at(size_type __n) const
        -: 1056:      {
        -: 1057:	if (__n >= this->size())
        -: 1058:	  __throw_out_of_range_fmt(__N("basic_string::at: __n "
        -: 1059:				       "(which is %zu) >= this->size() "
        -: 1060:				       "(which is %zu)"),
        -: 1061:				   __n, this->size());
        -: 1062:	return _M_data()[__n];
        -: 1063:      }
        -: 1064:
        -: 1065:      /**
        -: 1066:       *  @brief  Provides access to the data contained in the %string.
        -: 1067:       *  @param __n The index of the character to access.
        -: 1068:       *  @return  Read/write reference to the character.
        -: 1069:       *  @throw  std::out_of_range  If @a n is an invalid index.
        -: 1070:       *
        -: 1071:       *  This function provides for safer data access.  The parameter is
        -: 1072:       *  first checked that it is in the range of the string.  The function
        -: 1073:       *  throws out_of_range if the check fails.
        -: 1074:       */
        -: 1075:      reference
        -: 1076:      at(size_type __n)
        -: 1077:      {
        -: 1078:	if (__n >= size())
        -: 1079:	  __throw_out_of_range_fmt(__N("basic_string::at: __n "
        -: 1080:				       "(which is %zu) >= this->size() "
        -: 1081:				       "(which is %zu)"),
        -: 1082:				   __n, this->size());
        -: 1083:	return _M_data()[__n];
        -: 1084:      }
        -: 1085:
        -: 1086:#if __cplusplus >= 201103L
        -: 1087:      /**
        -: 1088:       *  Returns a read/write reference to the data at the first
        -: 1089:       *  element of the %string.
        -: 1090:       */
        -: 1091:      reference
        -: 1092:      front() noexcept
        -: 1093:      {
        -: 1094:	__glibcxx_assert(!empty());
        -: 1095:	return operator[](0);
        -: 1096:      }
        -: 1097:
        -: 1098:      /**
        -: 1099:       *  Returns a read-only (constant) reference to the data at the first
        -: 1100:       *  element of the %string.
        -: 1101:       */
        -: 1102:      const_reference
        -: 1103:      front() const noexcept
        -: 1104:      {
        -: 1105:	__glibcxx_assert(!empty());
        -: 1106:	return operator[](0);
        -: 1107:      }
        -: 1108:
        -: 1109:      /**
        -: 1110:       *  Returns a read/write reference to the data at the last
        -: 1111:       *  element of the %string.
        -: 1112:       */
        -: 1113:      reference
        -: 1114:      back() noexcept
        -: 1115:      {
        -: 1116:	__glibcxx_assert(!empty());
        -: 1117:	return operator[](this->size() - 1);
        -: 1118:      }
        -: 1119:
        -: 1120:      /**
        -: 1121:       *  Returns a read-only (constant) reference to the data at the
        -: 1122:       *  last element of the %string.
        -: 1123:       */
        -: 1124:      const_reference
        -: 1125:      back() const noexcept
        -: 1126:      {
        -: 1127:	__glibcxx_assert(!empty());
        -: 1128:	return operator[](this->size() - 1);
        -: 1129:      }
        -: 1130:#endif
        -: 1131:
        -: 1132:      // Modifiers:
        -: 1133:      /**
        -: 1134:       *  @brief  Append a string to this string.
        -: 1135:       *  @param __str  The string to append.
        -: 1136:       *  @return  Reference to this string.
        -: 1137:       */
        -: 1138:      basic_string&
        -: 1139:      operator+=(const basic_string& __str)
        -: 1140:      { return this->append(__str); }
        -: 1141:
        -: 1142:      /**
        -: 1143:       *  @brief  Append a C string.
        -: 1144:       *  @param __s  The C string to append.
        -: 1145:       *  @return  Reference to this string.
        -: 1146:       */
        -: 1147:      basic_string&
        -: 1148:      operator+=(const _CharT* __s)
        -: 1149:      { return this->append(__s); }
        -: 1150:
        -: 1151:      /**
        -: 1152:       *  @brief  Append a character.
        -: 1153:       *  @param __c  The character to append.
        -: 1154:       *  @return  Reference to this string.
        -: 1155:       */
        -: 1156:      basic_string&
        -: 1157:      operator+=(_CharT __c)
        -: 1158:      {
        -: 1159:	this->push_back(__c);
        -: 1160:	return *this;
        -: 1161:      }
        -: 1162:
        -: 1163:#if __cplusplus >= 201103L
        -: 1164:      /**
        -: 1165:       *  @brief  Append an initializer_list of characters.
        -: 1166:       *  @param __l  The initializer_list of characters to be appended.
        -: 1167:       *  @return  Reference to this string.
        -: 1168:       */
        -: 1169:      basic_string&
        -: 1170:      operator+=(initializer_list<_CharT> __l)
        -: 1171:      { return this->append(__l.begin(), __l.size()); }
        -: 1172:#endif // C++11
        -: 1173:
        -: 1174:#if __cplusplus >= 201703L
        -: 1175:      /**
        -: 1176:       *  @brief  Append a string_view.
        -: 1177:       *  @param __svt  An object convertible to string_view to be appended.
        -: 1178:       *  @return  Reference to this string.
        -: 1179:       */
        -: 1180:      template<typename _Tp>
        -: 1181:	_If_sv<_Tp, basic_string&>
        -: 1182:	operator+=(const _Tp& __svt)
        -: 1183:	{ return this->append(__svt); }
        -: 1184:#endif // C++17
        -: 1185:
        -: 1186:      /**
        -: 1187:       *  @brief  Append a string to this string.
        -: 1188:       *  @param __str  The string to append.
        -: 1189:       *  @return  Reference to this string.
        -: 1190:       */
        -: 1191:      basic_string&
        -: 1192:      append(const basic_string& __str)
        -: 1193:      { return _M_append(__str._M_data(), __str.size()); }
        -: 1194:
        -: 1195:      /**
        -: 1196:       *  @brief  Append a substring.
        -: 1197:       *  @param __str  The string to append.
        -: 1198:       *  @param __pos  Index of the first character of str to append.
        -: 1199:       *  @param __n  The number of characters to append.
        -: 1200:       *  @return  Reference to this string.
        -: 1201:       *  @throw  std::out_of_range if @a __pos is not a valid index.
        -: 1202:       *
        -: 1203:       *  This function appends @a __n characters from @a __str
        -: 1204:       *  starting at @a __pos to this string.  If @a __n is is larger
        -: 1205:       *  than the number of available characters in @a __str, the
        -: 1206:       *  remainder of @a __str is appended.
        -: 1207:       */
        -: 1208:      basic_string&
        -: 1209:      append(const basic_string& __str, size_type __pos, size_type __n = npos)
        -: 1210:      { return _M_append(__str._M_data()
        -: 1211:			 + __str._M_check(__pos, "basic_string::append"),
        -: 1212:			 __str._M_limit(__pos, __n)); }
        -: 1213:
        -: 1214:      /**
        -: 1215:       *  @brief  Append a C substring.
        -: 1216:       *  @param __s  The C string to append.
        -: 1217:       *  @param __n  The number of characters to append.
        -: 1218:       *  @return  Reference to this string.
        -: 1219:       */
        -: 1220:      basic_string&
        -: 1221:      append(const _CharT* __s, size_type __n)
        -: 1222:      {
        -: 1223:	__glibcxx_requires_string_len(__s, __n);
        -: 1224:	_M_check_length(size_type(0), __n, "basic_string::append");
        -: 1225:	return _M_append(__s, __n);
        -: 1226:      }
        -: 1227:
        -: 1228:      /**
        -: 1229:       *  @brief  Append a C string.
        -: 1230:       *  @param __s  The C string to append.
        -: 1231:       *  @return  Reference to this string.
        -: 1232:       */
        -: 1233:      basic_string&
        -: 1234:      append(const _CharT* __s)
        -: 1235:      {
        -: 1236:	__glibcxx_requires_string(__s);
        -: 1237:	const size_type __n = traits_type::length(__s);
        -: 1238:	_M_check_length(size_type(0), __n, "basic_string::append");
        -: 1239:	return _M_append(__s, __n);
        -: 1240:      }
        -: 1241:
        -: 1242:      /**
        -: 1243:       *  @brief  Append multiple characters.
        -: 1244:       *  @param __n  The number of characters to append.
        -: 1245:       *  @param __c  The character to use.
        -: 1246:       *  @return  Reference to this string.
        -: 1247:       *
        -: 1248:       *  Appends __n copies of __c to this string.
        -: 1249:       */
        -: 1250:      basic_string&
        -: 1251:      append(size_type __n, _CharT __c)
        -: 1252:      { return _M_replace_aux(this->size(), size_type(0), __n, __c); }
        -: 1253:
        -: 1254:#if __cplusplus >= 201103L
        -: 1255:      /**
        -: 1256:       *  @brief  Append an initializer_list of characters.
        -: 1257:       *  @param __l  The initializer_list of characters to append.
        -: 1258:       *  @return  Reference to this string.
        -: 1259:       */
        -: 1260:      basic_string&
        -: 1261:      append(initializer_list<_CharT> __l)
        -: 1262:      { return this->append(__l.begin(), __l.size()); }
        -: 1263:#endif // C++11
        -: 1264:
        -: 1265:      /**
        -: 1266:       *  @brief  Append a range of characters.
        -: 1267:       *  @param __first  Iterator referencing the first character to append.
        -: 1268:       *  @param __last  Iterator marking the end of the range.
        -: 1269:       *  @return  Reference to this string.
        -: 1270:       *
        -: 1271:       *  Appends characters in the range [__first,__last) to this string.
        -: 1272:       */
        -: 1273:#if __cplusplus >= 201103L
        -: 1274:      template<class _InputIterator,
        -: 1275:	       typename = std::_RequireInputIter<_InputIterator>>
        -: 1276:#else
        -: 1277:      template<class _InputIterator>
        -: 1278:#endif
        -: 1279:        basic_string&
        -: 1280:        append(_InputIterator __first, _InputIterator __last)
        -: 1281:        { return this->replace(end(), end(), __first, __last); }
        -: 1282:
        -: 1283:#if __cplusplus >= 201703L
        -: 1284:      /**
        -: 1285:       *  @brief  Append a string_view.
        -: 1286:       *  @param __svt  An object convertible to string_view to be appended.
        -: 1287:       *  @return  Reference to this string.
        -: 1288:       */
        -: 1289:      template<typename _Tp>
        -: 1290:        _If_sv<_Tp, basic_string&>
        -: 1291:        append(const _Tp& __svt)
        -: 1292:        {
        -: 1293:          __sv_type __sv = __svt;
        -: 1294:          return this->append(__sv.data(), __sv.size());
        -: 1295:        }
        -: 1296:
        -: 1297:      /**
        -: 1298:       *  @brief  Append a range of characters from a string_view.
        -: 1299:       *  @param __svt  An object convertible to string_view to be appended from.
        -: 1300:       *  @param __pos The position in the string_view to append from.
        -: 1301:       *  @param __n   The number of characters to append from the string_view.
        -: 1302:       *  @return  Reference to this string.
        -: 1303:       */
        -: 1304:      template<typename _Tp>
        -: 1305:        _If_sv<_Tp, basic_string&>
        -: 1306:	append(const _Tp& __svt, size_type __pos, size_type __n = npos)
        -: 1307:	{
        -: 1308:	  __sv_type __sv = __svt;
        -: 1309:	  return _M_append(__sv.data()
        -: 1310:	      + std::__sv_check(__sv.size(), __pos, "basic_string::append"),
        -: 1311:	      std::__sv_limit(__sv.size(), __pos, __n));
        -: 1312:	}
        -: 1313:#endif // C++17
        -: 1314:
        -: 1315:      /**
        -: 1316:       *  @brief  Append a single character.
        -: 1317:       *  @param __c  Character to append.
        -: 1318:       */
        -: 1319:      void
        -: 1320:      push_back(_CharT __c)
        -: 1321:      {
        -: 1322:	const size_type __size = this->size();
        -: 1323:	if (__size + 1 > this->capacity())
        -: 1324:	  this->_M_mutate(__size, size_type(0), 0, size_type(1));
        -: 1325:	traits_type::assign(this->_M_data()[__size], __c);
        -: 1326:	this->_M_set_length(__size + 1);
        -: 1327:      }
        -: 1328:
        -: 1329:      /**
        -: 1330:       *  @brief  Set value to contents of another string.
        -: 1331:       *  @param  __str  Source string to use.
        -: 1332:       *  @return  Reference to this string.
        -: 1333:       */
        -: 1334:      basic_string&
        -: 1335:      assign(const basic_string& __str)
        -: 1336:      {
        -: 1337:#if __cplusplus >= 201103L
        -: 1338:	if (_Alloc_traits::_S_propagate_on_copy_assign())
        -: 1339:	  {
        -: 1340:	    if (!_Alloc_traits::_S_always_equal() && !_M_is_local()
        -: 1341:		&& _M_get_allocator() != __str._M_get_allocator())
        -: 1342:	      {
        -: 1343:		// Propagating allocator cannot free existing storage so must
        -: 1344:		// deallocate it before replacing current allocator.
        -: 1345:		if (__str.size() <= _S_local_capacity)
        -: 1346:		  {
        -: 1347:		    _M_destroy(_M_allocated_capacity);
        -: 1348:		    _M_data(_M_local_data());
        -: 1349:		    _M_set_length(0);
        -: 1350:		  }
        -: 1351:		else
        -: 1352:		  {
        -: 1353:		    const auto __len = __str.size();
        -: 1354:		    auto __alloc = __str._M_get_allocator();
        -: 1355:		    // If this allocation throws there are no effects:
        -: 1356:		    auto __ptr = _Alloc_traits::allocate(__alloc, __len + 1);
        -: 1357:		    _M_destroy(_M_allocated_capacity);
        -: 1358:		    _M_data(__ptr);
        -: 1359:		    _M_capacity(__len);
        -: 1360:		    _M_set_length(__len);
        -: 1361:		  }
        -: 1362:	      }
        -: 1363:	    std::__alloc_on_copy(_M_get_allocator(), __str._M_get_allocator());
        -: 1364:	  }
        -: 1365:#endif
        -: 1366:	this->_M_assign(__str);
        -: 1367:	return *this;
        -: 1368:      }
        -: 1369:
        -: 1370:#if __cplusplus >= 201103L
        -: 1371:      /**
        -: 1372:       *  @brief  Set value to contents of another string.
        -: 1373:       *  @param  __str  Source string to use.
        -: 1374:       *  @return  Reference to this string.
        -: 1375:       *
        -: 1376:       *  This function sets this string to the exact contents of @a __str.
        -: 1377:       *  @a __str is a valid, but unspecified string.
        -: 1378:       */
        -: 1379:      basic_string&
        -: 1380:      assign(basic_string&& __str)
        -: 1381:      noexcept(_Alloc_traits::_S_nothrow_move())
        -: 1382:      {
        -: 1383:	// _GLIBCXX_RESOLVE_LIB_DEFECTS
        -: 1384:	// 2063. Contradictory requirements for string move assignment
        -: 1385:	return *this = std::move(__str);
        -: 1386:      }
        -: 1387:#endif // C++11
        -: 1388:
        -: 1389:      /**
        -: 1390:       *  @brief  Set value to a substring of a string.
        -: 1391:       *  @param __str  The string to use.
        -: 1392:       *  @param __pos  Index of the first character of str.
        -: 1393:       *  @param __n  Number of characters to use.
        -: 1394:       *  @return  Reference to this string.
        -: 1395:       *  @throw  std::out_of_range if @a pos is not a valid index.
        -: 1396:       *
        -: 1397:       *  This function sets this string to the substring of @a __str
        -: 1398:       *  consisting of @a __n characters at @a __pos.  If @a __n is
        -: 1399:       *  is larger than the number of available characters in @a
        -: 1400:       *  __str, the remainder of @a __str is used.
        -: 1401:       */
        -: 1402:      basic_string&
        -: 1403:      assign(const basic_string& __str, size_type __pos, size_type __n = npos)
        -: 1404:      { return _M_replace(size_type(0), this->size(), __str._M_data()
        -: 1405:			  + __str._M_check(__pos, "basic_string::assign"),
        -: 1406:			  __str._M_limit(__pos, __n)); }
        -: 1407:
        -: 1408:      /**
        -: 1409:       *  @brief  Set value to a C substring.
        -: 1410:       *  @param __s  The C string to use.
        -: 1411:       *  @param __n  Number of characters to use.
        -: 1412:       *  @return  Reference to this string.
        -: 1413:       *
        -: 1414:       *  This function sets the value of this string to the first @a __n
        -: 1415:       *  characters of @a __s.  If @a __n is is larger than the number of
        -: 1416:       *  available characters in @a __s, the remainder of @a __s is used.
        -: 1417:       */
        -: 1418:      basic_string&
        -: 1419:      assign(const _CharT* __s, size_type __n)
        -: 1420:      {
        -: 1421:	__glibcxx_requires_string_len(__s, __n);
        -: 1422:	return _M_replace(size_type(0), this->size(), __s, __n);
        -: 1423:      }
        -: 1424:
        -: 1425:      /**
        -: 1426:       *  @brief  Set value to contents of a C string.
        -: 1427:       *  @param __s  The C string to use.
        -: 1428:       *  @return  Reference to this string.
        -: 1429:       *
        -: 1430:       *  This function sets the value of this string to the value of @a __s.
        -: 1431:       *  The data is copied, so there is no dependence on @a __s once the
        -: 1432:       *  function returns.
        -: 1433:       */
        -: 1434:      basic_string&
        -: 1435:      assign(const _CharT* __s)
        -: 1436:      {
        -: 1437:	__glibcxx_requires_string(__s);
        -: 1438:	return _M_replace(size_type(0), this->size(), __s,
        -: 1439:			  traits_type::length(__s));
        -: 1440:      }
        -: 1441:
        -: 1442:      /**
        -: 1443:       *  @brief  Set value to multiple characters.
        -: 1444:       *  @param __n  Length of the resulting string.
        -: 1445:       *  @param __c  The character to use.
        -: 1446:       *  @return  Reference to this string.
        -: 1447:       *
        -: 1448:       *  This function sets the value of this string to @a __n copies of
        -: 1449:       *  character @a __c.
        -: 1450:       */
        -: 1451:      basic_string&
        -: 1452:      assign(size_type __n, _CharT __c)
        -: 1453:      { return _M_replace_aux(size_type(0), this->size(), __n, __c); }
        -: 1454:
        -: 1455:      /**
        -: 1456:       *  @brief  Set value to a range of characters.
        -: 1457:       *  @param __first  Iterator referencing the first character to append.
        -: 1458:       *  @param __last  Iterator marking the end of the range.
        -: 1459:       *  @return  Reference to this string.
        -: 1460:       *
        -: 1461:       *  Sets value of string to characters in the range [__first,__last).
        -: 1462:      */
        -: 1463:#if __cplusplus >= 201103L
        -: 1464:      template<class _InputIterator,
        -: 1465:	       typename = std::_RequireInputIter<_InputIterator>>
        -: 1466:#else
        -: 1467:      template<class _InputIterator>
        -: 1468:#endif
        -: 1469:        basic_string&
        -: 1470:        assign(_InputIterator __first, _InputIterator __last)
        -: 1471:        { return this->replace(begin(), end(), __first, __last); }
        -: 1472:
        -: 1473:#if __cplusplus >= 201103L
        -: 1474:      /**
        -: 1475:       *  @brief  Set value to an initializer_list of characters.
        -: 1476:       *  @param __l  The initializer_list of characters to assign.
        -: 1477:       *  @return  Reference to this string.
        -: 1478:       */
        -: 1479:      basic_string&
        -: 1480:      assign(initializer_list<_CharT> __l)
        -: 1481:      { return this->assign(__l.begin(), __l.size()); }
        -: 1482:#endif // C++11
        -: 1483:
        -: 1484:#if __cplusplus >= 201703L
        -: 1485:      /**
        -: 1486:       *  @brief  Set value from a string_view.
        -: 1487:       *  @param __svt  The source object convertible to string_view.
        -: 1488:       *  @return  Reference to this string.
        -: 1489:       */
        -: 1490:      template<typename _Tp>
        -: 1491:	_If_sv<_Tp, basic_string&>
        -: 1492:	assign(const _Tp& __svt)
        -: 1493:	{
        -: 1494:	  __sv_type __sv = __svt;
        -: 1495:	  return this->assign(__sv.data(), __sv.size());
        -: 1496:	}
        -: 1497:
        -: 1498:      /**
        -: 1499:       *  @brief  Set value from a range of characters in a string_view.
        -: 1500:       *  @param __svt  The source object convertible to string_view.
        -: 1501:       *  @param __pos  The position in the string_view to assign from.
        -: 1502:       *  @param __n  The number of characters to assign.
        -: 1503:       *  @return  Reference to this string.
        -: 1504:       */
        -: 1505:      template<typename _Tp>
        -: 1506:	_If_sv<_Tp, basic_string&>
        -: 1507:	assign(const _Tp& __svt, size_type __pos, size_type __n = npos)
        -: 1508:	{
        -: 1509:	  __sv_type __sv = __svt;
        -: 1510:	  return _M_replace(size_type(0), this->size(),
        -: 1511:	      __sv.data()
        -: 1512:	      + std::__sv_check(__sv.size(), __pos, "basic_string::assign"),
        -: 1513:	      std::__sv_limit(__sv.size(), __pos, __n));
        -: 1514:	}
        -: 1515:#endif // C++17
        -: 1516:
        -: 1517:#if __cplusplus >= 201103L
        -: 1518:      /**
        -: 1519:       *  @brief  Insert multiple characters.
        -: 1520:       *  @param __p  Const_iterator referencing location in string to
        -: 1521:       *              insert at.
        -: 1522:       *  @param __n  Number of characters to insert
        -: 1523:       *  @param __c  The character to insert.
        -: 1524:       *  @return  Iterator referencing the first inserted char.
        -: 1525:       *  @throw  std::length_error  If new length exceeds @c max_size().
        -: 1526:       *
        -: 1527:       *  Inserts @a __n copies of character @a __c starting at the
        -: 1528:       *  position referenced by iterator @a __p.  If adding
        -: 1529:       *  characters causes the length to exceed max_size(),
        -: 1530:       *  length_error is thrown.  The value of the string doesn't
        -: 1531:       *  change if an error is thrown.
        -: 1532:      */
        -: 1533:      iterator
        -: 1534:      insert(const_iterator __p, size_type __n, _CharT __c)
        -: 1535:      {
        -: 1536:	_GLIBCXX_DEBUG_PEDASSERT(__p >= begin() && __p <= end());
        -: 1537:	const size_type __pos = __p - begin();
        -: 1538:	this->replace(__p, __p, __n, __c);
        -: 1539:	return iterator(this->_M_data() + __pos);
        -: 1540:      }
        -: 1541:#else
        -: 1542:      /**
        -: 1543:       *  @brief  Insert multiple characters.
        -: 1544:       *  @param __p  Iterator referencing location in string to insert at.
        -: 1545:       *  @param __n  Number of characters to insert
        -: 1546:       *  @param __c  The character to insert.
        -: 1547:       *  @throw  std::length_error  If new length exceeds @c max_size().
        -: 1548:       *
        -: 1549:       *  Inserts @a __n copies of character @a __c starting at the
        -: 1550:       *  position referenced by iterator @a __p.  If adding
        -: 1551:       *  characters causes the length to exceed max_size(),
        -: 1552:       *  length_error is thrown.  The value of the string doesn't
        -: 1553:       *  change if an error is thrown.
        -: 1554:      */
        -: 1555:      void
        -: 1556:      insert(iterator __p, size_type __n, _CharT __c)
        -: 1557:      {	this->replace(__p, __p, __n, __c);  }
        -: 1558:#endif
        -: 1559:
        -: 1560:#if __cplusplus >= 201103L
        -: 1561:      /**
        -: 1562:       *  @brief  Insert a range of characters.
        -: 1563:       *  @param __p  Const_iterator referencing location in string to
        -: 1564:       *              insert at.
        -: 1565:       *  @param __beg  Start of range.
        -: 1566:       *  @param __end  End of range.
        -: 1567:       *  @return  Iterator referencing the first inserted char.
        -: 1568:       *  @throw  std::length_error  If new length exceeds @c max_size().
        -: 1569:       *
        -: 1570:       *  Inserts characters in range [beg,end).  If adding characters
        -: 1571:       *  causes the length to exceed max_size(), length_error is
        -: 1572:       *  thrown.  The value of the string doesn't change if an error
        -: 1573:       *  is thrown.
        -: 1574:      */
        -: 1575:      template<class _InputIterator,
        -: 1576:	       typename = std::_RequireInputIter<_InputIterator>>
        -: 1577:	iterator
        -: 1578:        insert(const_iterator __p, _InputIterator __beg, _InputIterator __end)
        -: 1579:        {
        -: 1580:	  _GLIBCXX_DEBUG_PEDASSERT(__p >= begin() && __p <= end());
        -: 1581:	  const size_type __pos = __p - begin();
        -: 1582:	  this->replace(__p, __p, __beg, __end);
        -: 1583:	  return iterator(this->_M_data() + __pos);
        -: 1584:	}
        -: 1585:#else
        -: 1586:      /**
        -: 1587:       *  @brief  Insert a range of characters.
        -: 1588:       *  @param __p  Iterator referencing location in string to insert at.
        -: 1589:       *  @param __beg  Start of range.
        -: 1590:       *  @param __end  End of range.
        -: 1591:       *  @throw  std::length_error  If new length exceeds @c max_size().
        -: 1592:       *
        -: 1593:       *  Inserts characters in range [__beg,__end).  If adding
        -: 1594:       *  characters causes the length to exceed max_size(),
        -: 1595:       *  length_error is thrown.  The value of the string doesn't
        -: 1596:       *  change if an error is thrown.
        -: 1597:      */
        -: 1598:      template<class _InputIterator>
        -: 1599:        void
        -: 1600:        insert(iterator __p, _InputIterator __beg, _InputIterator __end)
        -: 1601:        { this->replace(__p, __p, __beg, __end); }
        -: 1602:#endif
        -: 1603:
        -: 1604:#if __cplusplus >= 201103L
        -: 1605:      /**
        -: 1606:       *  @brief  Insert an initializer_list of characters.
        -: 1607:       *  @param __p  Iterator referencing location in string to insert at.
        -: 1608:       *  @param __l  The initializer_list of characters to insert.
        -: 1609:       *  @throw  std::length_error  If new length exceeds @c max_size().
        -: 1610:       */
        -: 1611:      iterator
        -: 1612:      insert(const_iterator __p, initializer_list<_CharT> __l)
        -: 1613:      { return this->insert(__p, __l.begin(), __l.end()); }
        -: 1614:
        -: 1615:#ifdef _GLIBCXX_DEFINING_STRING_INSTANTIATIONS
        -: 1616:      // See PR libstdc++/83328
        -: 1617:      void
        -: 1618:      insert(iterator __p, initializer_list<_CharT> __l)
        -: 1619:      {
        -: 1620:	_GLIBCXX_DEBUG_PEDASSERT(__p >= begin() && __p <= end());
        -: 1621:	this->insert(__p - begin(), __l.begin(), __l.size());
        -: 1622:      }
        -: 1623:#endif
        -: 1624:#endif // C++11
        -: 1625:
        -: 1626:      /**
        -: 1627:       *  @brief  Insert value of a string.
        -: 1628:       *  @param __pos1 Position in string to insert at.
        -: 1629:       *  @param __str  The string to insert.
        -: 1630:       *  @return  Reference to this string.
        -: 1631:       *  @throw  std::length_error  If new length exceeds @c max_size().
        -: 1632:       *
        -: 1633:       *  Inserts value of @a __str starting at @a __pos1.  If adding
        -: 1634:       *  characters causes the length to exceed max_size(),
        -: 1635:       *  length_error is thrown.  The value of the string doesn't
        -: 1636:       *  change if an error is thrown.
        -: 1637:      */
        -: 1638:      basic_string&
[...]
        -: 6502:#if __cplusplus >= 201103L
        -: 6503:  /// Read a line from an rvalue stream into a string.
        -: 6504:  template<typename _CharT, typename _Traits, typename _Alloc>
        -: 6505:    inline basic_istream<_CharT, _Traits>&
        -: 6506:    getline(basic_istream<_CharT, _Traits>&& __is,
        -: 6507:	    basic_string<_CharT, _Traits, _Alloc>& __str, _CharT __delim)
        -: 6508:    { return std::getline(__is, __str, __delim); }
        -: 6509:
        -: 6510:  /// Read a line from an rvalue stream into a string.
        -: 6511:  template<typename _CharT, typename _Traits, typename _Alloc>
        -: 6512:    inline basic_istream<_CharT, _Traits>&
        -: 6513:    getline(basic_istream<_CharT, _Traits>&& __is,
        -: 6514:	    basic_string<_CharT, _Traits, _Alloc>& __str)
        -: 6515:    { return std::getline(__is, __str); }
        -: 6516:#endif
        -: 6517:
        -: 6518:  template<>
        -: 6519:    basic_istream<char>&
        -: 6520:    getline(basic_istream<char>& ___in, basic_string<char>& __str,
        -: 6521:	    char __delim);
        -: 6522:
        -: 6523:#ifdef _GLIBCXX_USE_WCHAR_T
        -: 6524:  template<>
        -: 6525:    basic_istream<wchar_t>&
        -: 6526:    getline(basic_istream<wchar_t>& ___in, basic_string<wchar_t>& __str,
        -: 6527:	    wchar_t __delim);
        -: 6528:#endif  
        -: 6529:
        -: 6530:_GLIBCXX_END_NAMESPACE_VERSION
        -: 6531:} // namespace
        -: 6532:
        -: 6533:#if __cplusplus >= 201103L
        -: 6534:
        -: 6535:#include <ext/string_conversions.h>
        -: 6536:#include <bits/charconv.h>
        -: 6537:
        -: 6538:namespace std _GLIBCXX_VISIBILITY(default)
        -: 6539:{
        -: 6540:_GLIBCXX_BEGIN_NAMESPACE_VERSION
        -: 6541:_GLIBCXX_BEGIN_NAMESPACE_CXX11
        -: 6542:
        -: 6543:#if _GLIBCXX_USE_C99_STDLIB
        -: 6544:  // 21.4 Numeric Conversions [string.conversions].
        -: 6545:  inline int
        -: 6546:  stoi(const string& __str, size_t* __idx = 0, int __base = 10)
        -: 6547:  { return __gnu_cxx::__stoa<long, int>(&std::strtol, "stoi", __str.c_str(),
        -: 6548:					__idx, __base); }
        -: 6549:
        -: 6550:  inline long
        -: 6551:  stol(const string& __str, size_t* __idx = 0, int __base = 10)
        -: 6552:  { return __gnu_cxx::__stoa(&std::strtol, "stol", __str.c_str(),
        -: 6553:			     __idx, __base); }
        -: 6554:
        -: 6555:  inline unsigned long
        -: 6556:  stoul(const string& __str, size_t* __idx = 0, int __base = 10)
        -: 6557:  { return __gnu_cxx::__stoa(&std::strtoul, "stoul", __str.c_str(),
        -: 6558:			     __idx, __base); }
        -: 6559:
        -: 6560:  inline long long
        -: 6561:  stoll(const string& __str, size_t* __idx = 0, int __base = 10)
        -: 6562:  { return __gnu_cxx::__stoa(&std::strtoll, "stoll", __str.c_str(),
        -: 6563:			     __idx, __base); }
        -: 6564:
        -: 6565:  inline unsigned long long
        -: 6566:  stoull(const string& __str, size_t* __idx = 0, int __base = 10)
        -: 6567:  { return __gnu_cxx::__stoa(&std::strtoull, "stoull", __str.c_str(),
        -: 6568:			     __idx, __base); }
        -: 6569:
        -: 6570:  // NB: strtof vs strtod.
        -: 6571:  inline float
        -: 6572:  stof(const string& __str, size_t* __idx = 0)
        -: 6573:  { return __gnu_cxx::__stoa(&std::strtof, "stof", __str.c_str(), __idx); }
        -: 6574:
        -: 6575:  inline double
        -: 6576:  stod(const string& __str, size_t* __idx = 0)
        -: 6577:  { return __gnu_cxx::__stoa(&std::strtod, "stod", __str.c_str(), __idx); }
        -: 6578:
        -: 6579:  inline long double
        -: 6580:  stold(const string& __str, size_t* __idx = 0)
        -: 6581:  { return __gnu_cxx::__stoa(&std::strtold, "stold", __str.c_str(), __idx); }
        -: 6582:#endif // _GLIBCXX_USE_C99_STDLIB
        -: 6583:
        -: 6584:  // DR 1261. Insufficent overloads for to_string / to_wstring
        -: 6585:
        -: 6586:  inline string
    #####: 6587:  to_string(int __val)
        -: 6588:  {
    #####: 6589:    const bool __neg = __val < 0;
    #####: 6590:    const unsigned __uval = __neg ? (unsigned)~__val + 1u : __val;
    %%%%%: 6590-block  0
    %%%%%: 6590-block  1
    %%%%%: 6590-block  2
    #####: 6591:    const auto __len = __detail::__to_chars_len(__uval);
    %%%%%: 6591-block  0
    #####: 6592:    string __str(__neg + __len, '-');
    #####: 6593:    __detail::__to_chars_10_impl(&__str[__neg], __len, __uval);
    %%%%%: 6593-block  0
    #####: 6594:    return __str;
    %%%%%: 6594-block  0
        -: 6595:  }
        -: 6596:
        -: 6597:  inline string
        -: 6598:  to_string(unsigned __val)
        -: 6599:  {
        -: 6600:    string __str(__detail::__to_chars_len(__val), '\0');
        -: 6601:    __detail::__to_chars_10_impl(&__str[0], __str.size(), __val);
        -: 6602:    return __str;
        -: 6603:  }
        -: 6604:
        -: 6605:  inline string
        -: 6606:  to_string(long __val)
        -: 6607:  {
        -: 6608:    const bool __neg = __val < 0;
        -: 6609:    const unsigned long __uval = __neg ? (unsigned long)~__val + 1ul : __val;
        -: 6610:    const auto __len = __detail::__to_chars_len(__uval);
        -: 6611:    string __str(__neg + __len, '-');
        -: 6612:    __detail::__to_chars_10_impl(&__str[__neg], __len, __uval);
        -: 6613:    return __str;
        -: 6614:  }
        -: 6615:
        -: 6616:  inline string
        -: 6617:  to_string(unsigned long __val)
        -: 6618:  {
        -: 6619:    string __str(__detail::__to_chars_len(__val), '\0');
        -: 6620:    __detail::__to_chars_10_impl(&__str[0], __str.size(), __val);
        -: 6621:    return __str;
        -: 6622:  }
        -: 6623:
        -: 6624:  inline string
        -: 6625:  to_string(long long __val)
        -: 6626:  {
        -: 6627:    const bool __neg = __val < 0;
        -: 6628:    const unsigned long long __uval
        -: 6629:      = __neg ? (unsigned long long)~__val + 1ull : __val;
        -: 6630:    const auto __len = __detail::__to_chars_len(__uval);
        -: 6631:    string __str(__neg + __len, '-');
        -: 6632:    __detail::__to_chars_10_impl(&__str[__neg], __len, __uval);
        -: 6633:    return __str;
        -: 6634:  }
        -: 6635:
        -: 6636:  inline string
        -: 6637:  to_string(unsigned long long __val)
        -: 6638:  {
        -: 6639:    string __str(__detail::__to_chars_len(__val), '\0');
        -: 6640:    __detail::__to_chars_10_impl(&__str[0], __str.size(), __val);
        -: 6641:    return __str;
        -: 6642:  }
        -: 6643:
        -: 6644:#if _GLIBCXX_USE_C99_STDIO
        -: 6645:  // NB: (v)snprintf vs sprintf.
        -: 6646:
        -: 6647:  inline string
        -: 6648:  to_string(float __val)
        -: 6649:  {
        -: 6650:    const int __n = 
        -: 6651:      __gnu_cxx::__numeric_traits<float>::__max_exponent10 + 20;
        -: 6652:    return __gnu_cxx::__to_xstring<string>(&std::vsnprintf, __n,
        -: 6653:					   "%f", __val);
        -: 6654:  }
        -: 6655:
        -: 6656:  inline string
        -: 6657:  to_string(double __val)
        -: 6658:  {
        -: 6659:    const int __n = 
        -: 6660:      __gnu_cxx::__numeric_traits<double>::__max_exponent10 + 20;
        -: 6661:    return __gnu_cxx::__to_xstring<string>(&std::vsnprintf, __n,
        -: 6662:					   "%f", __val);
        -: 6663:  }
        -: 6664:
        -: 6665:  inline string
        -: 6666:  to_string(long double __val)
        -: 6667:  {
        -: 6668:    const int __n = 
        -: 6669:      __gnu_cxx::__numeric_traits<long double>::__max_exponent10 + 20;
        -: 6670:    return __gnu_cxx::__to_xstring<string>(&std::vsnprintf, __n,
        -: 6671:					   "%Lf", __val);
        -: 6672:  }
        -: 6673:#endif // _GLIBCXX_USE_C99_STDIO
        -: 6674:
        -: 6675:#if defined(_GLIBCXX_USE_WCHAR_T) && _GLIBCXX_USE_C99_WCHAR
        -: 6676:  inline int 
        -: 6677:  stoi(const wstring& __str, size_t* __idx = 0, int __base = 10)
        -: 6678:  { return __gnu_cxx::__stoa<long, int>(&std::wcstol, "stoi", __str.c_str(),
        -: 6679:					__idx, __base); }
        -: 6680:
        -: 6681:  inline long 
        -: 6682:  stol(const wstring& __str, size_t* __idx = 0, int __base = 10)
        -: 6683:  { return __gnu_cxx::__stoa(&std::wcstol, "stol", __str.c_str(),
        -: 6684:			     __idx, __base); }
        -: 6685:
        -: 6686:  inline unsigned long
        -: 6687:  stoul(const wstring& __str, size_t* __idx = 0, int __base = 10)
        -: 6688:  { return __gnu_cxx::__stoa(&std::wcstoul, "stoul", __str.c_str(),
        -: 6689:			     __idx, __base); }
        -: 6690:
        -: 6691:  inline long long
        -: 6692:  stoll(const wstring& __str, size_t* __idx = 0, int __base = 10)
        -: 6693:  { return __gnu_cxx::__stoa(&std::wcstoll, "stoll", __str.c_str(),
        -: 6694:			     __idx, __base); }
        -: 6695:
        -: 6696:  inline unsigned long long
        -: 6697:  stoull(const wstring& __str, size_t* __idx = 0, int __base = 10)
        -: 6698:  { return __gnu_cxx::__stoa(&std::wcstoull, "stoull", __str.c_str(),
        -: 6699:			     __idx, __base); }
        -: 6700:
        -: 6701:  // NB: wcstof vs wcstod.
        -: 6702:  inline float
        -: 6703:  stof(const wstring& __str, size_t* __idx = 0)
        -: 6704:  { return __gnu_cxx::__stoa(&std::wcstof, "stof", __str.c_str(), __idx); }
        -: 6705:
        -: 6706:  inline double
        -: 6707:  stod(const wstring& __str, size_t* __idx = 0)
        -: 6708:  { return __gnu_cxx::__stoa(&std::wcstod, "stod", __str.c_str(), __idx); }
        -: 6709:
        -: 6710:  inline long double
        -: 6711:  stold(const wstring& __str, size_t* __idx = 0)
        -: 6712:  { return __gnu_cxx::__stoa(&std::wcstold, "stold", __str.c_str(), __idx); }
        -: 6713:
        -: 6714:#ifndef _GLIBCXX_HAVE_BROKEN_VSWPRINTF
        -: 6715:  // DR 1261.
        -: 6716:  inline wstring
        -: 6717:  to_wstring(int __val)
        -: 6718:  { return __gnu_cxx::__to_xstring<wstring>(&std::vswprintf, 4 * sizeof(int),
        -: 6719:					    L"%d", __val); }
        -: 6720:
        -: 6721:  inline wstring
        -: 6722:  to_wstring(unsigned __val)
        -: 6723:  { return __gnu_cxx::__to_xstring<wstring>(&std::vswprintf,
        -: 6724:					    4 * sizeof(unsigned),
        -: 6725:					    L"%u", __val); }
        -: 6726:
        -: 6727:  inline wstring
        -: 6728:  to_wstring(long __val)
        -: 6729:  { return __gnu_cxx::__to_xstring<wstring>(&std::vswprintf, 4 * sizeof(long),
        -: 6730:					    L"%ld", __val); }
        -: 6731:
        -: 6732:  inline wstring
        -: 6733:  to_wstring(unsigned long __val)
        -: 6734:  { return __gnu_cxx::__to_xstring<wstring>(&std::vswprintf,
        -: 6735:					    4 * sizeof(unsigned long),
        -: 6736:					    L"%lu", __val); }
        -: 6737:
        -: 6738:  inline wstring
        -: 6739:  to_wstring(long long __val)
        -: 6740:  { return __gnu_cxx::__to_xstring<wstring>(&std::vswprintf,
        -: 6741:					    4 * sizeof(long long),
        -: 6742:					    L"%lld", __val); }
        -: 6743:
        -: 6744:  inline wstring
        -: 6745:  to_wstring(unsigned long long __val)
        -: 6746:  { return __gnu_cxx::__to_xstring<wstring>(&std::vswprintf,
        -: 6747:					    4 * sizeof(unsigned long long),
        -: 6748:					    L"%llu", __val); }
        -: 6749:
        -: 6750:  inline wstring
        -: 6751:  to_wstring(float __val)
        -: 6752:  {
        -: 6753:    const int __n =
        -: 6754:      __gnu_cxx::__numeric_traits<float>::__max_exponent10 + 20;
        -: 6755:    return __gnu_cxx::__to_xstring<wstring>(&std::vswprintf, __n,
        -: 6756:					    L"%f", __val);
        -: 6757:  }
        -: 6758:
        -: 6759:  inline wstring
        -: 6760:  to_wstring(double __val)
        -: 6761:  {
        -: 6762:    const int __n =
        -: 6763:      __gnu_cxx::__numeric_traits<double>::__max_exponent10 + 20;
        -: 6764:    return __gnu_cxx::__to_xstring<wstring>(&std::vswprintf, __n,
        -: 6765:					    L"%f", __val);
        -: 6766:  }
        -: 6767:
        -: 6768:  inline wstring
        -: 6769:  to_wstring(long double __val)
        -: 6770:  {
        -: 6771:    const int __n =
        -: 6772:      __gnu_cxx::__numeric_traits<long double>::__max_exponent10 + 20;
        -: 6773:    return __gnu_cxx::__to_xstring<wstring>(&std::vswprintf, __n,
        -: 6774:					    L"%Lf", __val);
        -: 6775:  }
        -: 6776:#endif // _GLIBCXX_HAVE_BROKEN_VSWPRINTF
        -: 6777:#endif // _GLIBCXX_USE_WCHAR_T && _GLIBCXX_USE_C99_WCHAR
        -: 6778:
        -: 6779:_GLIBCXX_END_NAMESPACE_CXX11
        -: 6780:_GLIBCXX_END_NAMESPACE_VERSION
        -: 6781:} // namespace
        -: 6782:
        -: 6783:#endif /* C++11 */
        -: 6784:
        -: 6785:#if __cplusplus >= 201103L
        -: 6786:
        -: 6787:#include <bits/functional_hash.h>
        -: 6788:
        -: 6789:namespace std _GLIBCXX_VISIBILITY(default)
        -: 6790:{
        -: 6791:_GLIBCXX_BEGIN_NAMESPACE_VERSION
        -: 6792:
        -: 6793:  // DR 1182.
        -: 6794:
        -: 6795:#ifndef _GLIBCXX_COMPATIBILITY_CXX0X
        -: 6796:  /// std::hash specialization for string.
        -: 6797:  template<>
        -: 6798:    struct hash<string>
        -: 6799:    : public __hash_base<size_t, string>
        -: 6800:    {
        -: 6801:      size_t
        -: 6802:      operator()(const string& __s) const noexcept
        -: 6803:      { return std::_Hash_impl::hash(__s.data(), __s.length()); }
        -: 6804:    };
        -: 6805:
        -: 6806:  template<>
        -: 6807:    struct __is_fast_hash<hash<string>> : std::false_type
        -: 6808:    { };
        -: 6809:
        -: 6810:#ifdef _GLIBCXX_USE_WCHAR_T
        -: 6811:  /// std::hash specialization for wstring.
        -: 6812:  template<>
        -: 6813:    struct hash<wstring>
        -: 6814:    : public __hash_base<size_t, wstring>
        -: 6815:    {
        -: 6816:      size_t
        -: 6817:      operator()(const wstring& __s) const noexcept
        -: 6818:      { return std::_Hash_impl::hash(__s.data(),
        -: 6819:                                     __s.length() * sizeof(wchar_t)); }
        -: 6820:    };
        -: 6821:
        -: 6822:  template<>
        -: 6823:    struct __is_fast_hash<hash<wstring>> : std::false_type
        -: 6824:    { };
        -: 6825:#endif
        -: 6826:#endif /* _GLIBCXX_COMPATIBILITY_CXX0X */
        -: 6827:
        -: 6828:#ifdef _GLIBCXX_USE_CHAR8_T
        -: 6829:  /// std::hash specialization for u8string.
        -: 6830:  template<>
        -: 6831:    struct hash<u8string>
        -: 6832:    : public __hash_base<size_t, u8string>
        -: 6833:    {
        -: 6834:      size_t
        -: 6835:      operator()(const u8string& __s) const noexcept
        -: 6836:      { return std::_Hash_impl::hash(__s.data(),
        -: 6837:                                     __s.length() * sizeof(char8_t)); }
        -: 6838:    };
        -: 6839:
        -: 6840:  template<>
        -: 6841:    struct __is_fast_hash<hash<u8string>> : std::false_type
        -: 6842:    { };
        -: 6843:#endif
        -: 6844:
        -: 6845:  /// std::hash specialization for u16string.
        -: 6846:  template<>
        -: 6847:    struct hash<u16string>
        -: 6848:    : public __hash_base<size_t, u16string>
        -: 6849:    {
        -: 6850:      size_t
        -: 6851:      operator()(const u16string& __s) const noexcept
        -: 6852:      { return std::_Hash_impl::hash(__s.data(),
        -: 6853:                                     __s.length() * sizeof(char16_t)); }
        -: 6854:    };
        -: 6855:
        -: 6856:  template<>
        -: 6857:    struct __is_fast_hash<hash<u16string>> : std::false_type
        -: 6858:    { };
        -: 6859:
        -: 6860:  /// std::hash specialization for u32string.
        -: 6861:  template<>
        -: 6862:    struct hash<u32string>
        -: 6863:    : public __hash_base<size_t, u32string>
        -: 6864:    {
        -: 6865:      size_t
        -: 6866:      operator()(const u32string& __s) const noexcept
        -: 6867:      { return std::_Hash_impl::hash(__s.data(),
        -: 6868:                                     __s.length() * sizeof(char32_t)); }
        -: 6869:    };
        -: 6870:
        -: 6871:  template<>
        -: 6872:    struct __is_fast_hash<hash<u32string>> : std::false_type
        -: 6873:    { };
        -: 6874:
        -: 6875:#if __cplusplus >= 201402L
        -: 6876:
        -: 6877:#define __cpp_lib_string_udls 201304
        -: 6878:
        -: 6879:  inline namespace literals
        -: 6880:  {
        -: 6881:  inline namespace string_literals
        -: 6882:  {
        -: 6883:#pragma GCC diagnostic push
        -: 6884:#pragma GCC diagnostic ignored "-Wliteral-suffix"
        -: 6885:    _GLIBCXX_DEFAULT_ABI_TAG
        -: 6886:    inline basic_string<char>
        -: 6887:    operator""s(const char* __str, size_t __len)
        -: 6888:    { return basic_string<char>{__str, __len}; }
        -: 6889:
        -: 6890:#ifdef _GLIBCXX_USE_WCHAR_T
        -: 6891:    _GLIBCXX_DEFAULT_ABI_TAG
        -: 6892:    inline basic_string<wchar_t>
        -: 6893:    operator""s(const wchar_t* __str, size_t __len)
        -: 6894:    { return basic_string<wchar_t>{__str, __len}; }
        -: 6895:#endif
        -: 6896:
        -: 6897:#ifdef _GLIBCXX_USE_CHAR8_T
        -: 6898:    _GLIBCXX_DEFAULT_ABI_TAG
        -: 6899:    inline basic_string<char8_t>
        -: 6900:    operator""s(const char8_t* __str, size_t __len)
        -: 6901:    { return basic_string<char8_t>{__str, __len}; }
        -: 6902:#endif
        -: 6903:
        -: 6904:    _GLIBCXX_DEFAULT_ABI_TAG
        -: 6905:    inline basic_string<char16_t>
        -: 6906:    operator""s(const char16_t* __str, size_t __len)
        -: 6907:    { return basic_string<char16_t>{__str, __len}; }
        -: 6908:
        -: 6909:    _GLIBCXX_DEFAULT_ABI_TAG
        -: 6910:    inline basic_string<char32_t>
        -: 6911:    operator""s(const char32_t* __str, size_t __len)
        -: 6912:    { return basic_string<char32_t>{__str, __len}; }
        -: 6913:
        -: 6914:#pragma GCC diagnostic pop
        -: 6915:  } // inline namespace string_literals
        -: 6916:  } // inline namespace literals
        -: 6917:
        -: 6918:#if __cplusplus >= 201703L
        -: 6919:  namespace __detail::__variant
        -: 6920:  {
        -: 6921:    template<typename> struct _Never_valueless_alt; // see <variant>
        -: 6922:
        -: 6923:    // Provide the strong exception-safety guarantee when emplacing a
        -: 6924:    // basic_string into a variant, but only if moving the string cannot throw.
        -: 6925:    template<typename _Tp, typename _Traits, typename _Alloc>
        -: 6926:      struct _Never_valueless_alt<std::basic_string<_Tp, _Traits, _Alloc>>
        -: 6927:      : __and_<
        -: 6928:	is_nothrow_move_constructible<std::basic_string<_Tp, _Traits, _Alloc>>,
        -: 6929:	is_nothrow_move_assignable<std::basic_string<_Tp, _Traits, _Alloc>>
        -: 6930:	>::type
        -: 6931:      { };
        -: 6932:  }  // namespace __detail::__variant
        -: 6933:#endif // C++17
        -: 6934:#endif // C++14
        -: 6935:
        -: 6936:_GLIBCXX_END_NAMESPACE_VERSION
        -: 6937:} // namespace std
        -: 6938:
        -: 6939:#endif // C++11
        -: 6940:
        -: 6941:#endif /* _BASIC_STRING_H */
